Determining if the pthread_create exist failed with the following output:
Change Dir: /home/radek/yabi/build/CMakeFiles/CMakeTmp

Run Build Command:/usr/bin/make "cmTryCompileExec1420234908/fast"
/usr/bin/make -f CMakeFiles/cmTryCompileExec1420234908.dir/build.make CMakeFiles/cmTryCompileExec1420234908.dir/build
make[1]: Wejście do katalogu `/home/radek/yabi/build/CMakeFiles/CMakeTmp'
/usr/bin/cmake -E cmake_progress_report /home/radek/yabi/build/CMakeFiles/CMakeTmp/CMakeFiles 1
Building C object CMakeFiles/cmTryCompileExec1420234908.dir/CheckSymbolExists.c.o
/usr/bin/cc   -Wall -Wextra -Werror    -o CMakeFiles/cmTryCompileExec1420234908.dir/CheckSymbolExists.c.o   -c /home/radek/yabi/build/CMakeFiles/CMakeTmp/CheckSymbolExists.c
Linking C executable cmTryCompileExec1420234908
/usr/bin/cmake -E cmake_link_script CMakeFiles/cmTryCompileExec1420234908.dir/link.txt --verbose=1
/usr/bin/cc  -Wall -Wextra -Werror     CMakeFiles/cmTryCompileExec1420234908.dir/CheckSymbolExists.c.o  -o cmTryCompileExec1420234908 -rdynamic 
CMakeFiles/cmTryCompileExec1420234908.dir/CheckSymbolExists.c.o: In function `main':
CheckSymbolExists.c:(.text+0x16): undefined reference to `pthread_create'
collect2: error: ld returned 1 exit status
make[1]: *** [cmTryCompileExec1420234908] Błąd 1
make[1]: Opuszczenie katalogu `/home/radek/yabi/build/CMakeFiles/CMakeTmp'
make: *** [cmTryCompileExec1420234908/fast] Błąd 2

File /home/radek/yabi/build/CMakeFiles/CMakeTmp/CheckSymbolExists.c:
/* */
#include <pthread.h>

int main(int argc, char** argv)
{
  (void)argv;
#ifndef pthread_create
  return ((int*)(&pthread_create))[argc];
#else
  (void)argc;
  return 0;
#endif
}

Determining if the function pthread_create exists in the pthreads failed with the following output:
Change Dir: /home/radek/yabi/build/CMakeFiles/CMakeTmp

Run Build Command:/usr/bin/make "cmTryCompileExec1811798590/fast"
/usr/bin/make -f CMakeFiles/cmTryCompileExec1811798590.dir/build.make CMakeFiles/cmTryCompileExec1811798590.dir/build
make[1]: Wejście do katalogu `/home/radek/yabi/build/CMakeFiles/CMakeTmp'
/usr/bin/cmake -E cmake_progress_report /home/radek/yabi/build/CMakeFiles/CMakeTmp/CMakeFiles 1
Building C object CMakeFiles/cmTryCompileExec1811798590.dir/CheckFunctionExists.c.o
/usr/bin/cc   -Wall -Wextra -Werror -DCHECK_FUNCTION_EXISTS=pthread_create   -o CMakeFiles/cmTryCompileExec1811798590.dir/CheckFunctionExists.c.o   -c /usr/share/cmake-2.8/Modules/CheckFunctionExists.c
Linking C executable cmTryCompileExec1811798590
/usr/bin/cmake -E cmake_link_script CMakeFiles/cmTryCompileExec1811798590.dir/link.txt --verbose=1
/usr/bin/cc  -Wall -Wextra -Werror -DCHECK_FUNCTION_EXISTS=pthread_create    CMakeFiles/cmTryCompileExec1811798590.dir/CheckFunctionExists.c.o  -o cmTryCompileExec1811798590 -rdynamic -lpthreads 
/usr/bin/ld: cannot find -lpthreads
collect2: error: ld returned 1 exit status
make[1]: *** [cmTryCompileExec1811798590] Błąd 1
make[1]: Opuszczenie katalogu `/home/radek/yabi/build/CMakeFiles/CMakeTmp'
make: *** [cmTryCompileExec1811798590/fast] Błąd 2


